channels_last
WARNING:tensorflow:From D:\Anaconda3\envs\AMC\lib\site-packages\tensorflow_core\python\ops\resource_variable_ops.py:1635: calling BaseResourceVariable.__init__ (from tensorflow.python.ops.resource_variable_ops) with constraint is deprecated and will be removed in a future version.
Instructions for updating:
If using Keras pass *_constraint arguments to layers.
Model: "sequential"
_________________________________________________________________
Layer (type)                 Output Shape              Param #   
=================================================================
reshape (Reshape)            (None, 1, 128, 2)         0         
_________________________________________________________________
zero_padding2d (ZeroPadding2 (None, 1, 132, 2)         0         
_________________________________________________________________
conv2d (Conv2D)              (None, 1, 132, 256)       3328      
_________________________________________________________________
dropout (Dropout)            (None, 1, 132, 256)       0         
_________________________________________________________________
zero_padding2d_1 (ZeroPaddin (None, 1, 136, 256)       0         
_________________________________________________________________
conv2d_1 (Conv2D)            (None, 1, 136, 80)        122960    
_________________________________________________________________
dropout_1 (Dropout)          (None, 1, 136, 80)        0         
_________________________________________________________________
flatten (Flatten)            (None, 10880)             0         
_________________________________________________________________
dense1 (Dense)               (None, 256)               2785536   
_________________________________________________________________
dropout_2 (Dropout)          (None, 256)               0         
_________________________________________________________________
dense2 (Dense)               (None, 11)                2827      
_________________________________________________________________
activation (Activation)      (None, 11)                0         
_________________________________________________________________
reshape_1 (Reshape)          (None, 11)                0         
=================================================================
Total params: 2,914,651
Trainable params: 2,914,651
Non-trainable params: 0
_________________________________________________________________
Using TensorFlow backend.
channels_last
筛选后的数据集总数： 110000
信噪比范围: 0 到 18
调制方式 11 种: ['8PSK', 'AM-DSB', 'AM-SSB', 'BPSK', 'CPFSK', 'GFSK', 'PAM4', 'QAM16', 'QAM64', 'QPSK', 'WBFM']
Poisoned training data.
True Positive Rate (TPR): 0.90
False Positive Rate (FPR): 0.36
Confusion Matrix:
[[ 8060   910]
 [31990 58040]]
Accuracy: 0.6676767676767676
Precision: 0.20124843945068663
Recall: 0.8985507246376812
F1 Score: 0.3288453692370461
No defense eval

Evaluate ASR on poisoned test data.
CA
snr: 0 acc: 0.8379408960915157
snr: 2 acc: 0.8604868913857678
snr: 4 acc: 0.8784140969162996
snr: 6 acc: 0.8870523415977961
snr: 8 acc: 0.8718614718614719
snr: 10 acc: 0.8566243194192378
snr: 12 acc: 0.8638412984670875
snr: 14 acc: 0.8636779505946935
snr: 16 acc: 0.8707294552169899
snr: 18 acc: 0.8863025962399284
acc_mean:  0.8676931317790789
ASR
snr: 0 acc: 1.0
snr: 2 acc: 1.0
snr: 4 acc: 1.0
snr: 6 acc: 1.0
snr: 8 acc: 1.0
snr: 10 acc: 1.0
snr: 12 acc: 1.0
snr: 14 acc: 1.0
snr: 16 acc: 1.0
snr: 18 acc: 1.0
acc_mean:  1.0
Train on 58950 samples, validate on 10989 samples
Epoch 1/10

 1024/58950 [..............................] - ETA: 2:54 - loss: 2.3978 - accuracy: 0.1133
 2048/58950 [>.............................] - ETA: 1:34 - loss: 2.3972 - accuracy: 0.1270
 3072/58950 [>.............................] - ETA: 1:07 - loss: 2.3962 - accuracy: 0.1318
 4096/58950 [=>............................] - ETA: 54s - loss: 2.3928 - accuracy: 0.1418 
 5120/58950 [=>............................] - ETA: 46s - loss: 2.3890 - accuracy: 0.1451
 6144/58950 [==>...........................] - ETA: 41s - loss: 2.3880 - accuracy: 0.1501
 7168/58950 [==>...........................] - ETA: 37s - loss: 2.3843 - accuracy: 0.1542
 8192/58950 [===>..........................] - ETA: 34s - loss: 2.3805 - accuracy: 0.1576
 9216/58950 [===>..........................] - ETA: 32s - loss: 2.3793 - accuracy: 0.1590
10240/58950 [====>.........................] - ETA: 29s - loss: 2.3776 - accuracy: 0.1596
11264/58950 [====>.........................] - ETA: 28s - loss: 2.3758 - accuracy: 0.1612
12288/58950 [=====>........................] - ETA: 26s - loss: 2.3744 - accuracy: 0.1623
13312/58950 [=====>........................] - ETA: 25s - loss: 2.3731 - accuracy: 0.1629
14336/58950 [======>.......................] - ETA: 24s - loss: 2.3721 - accuracy: 0.1634
15360/58950 [======>.......................] - ETA: 23s - loss: 2.3716 - accuracy: 0.1633
16384/58950 [=======>......................] - ETA: 22s - loss: 2.3705 - accuracy: 0.1641
17408/58950 [=======>......................] - ETA: 21s - loss: 2.3692 - accuracy: 0.1648
18432/58950 [========>.....................] - ETA: 20s - loss: 2.3683 - accuracy: 0.1643
19456/58950 [========>.....................] - ETA: 19s - loss: 2.3677 - accuracy: 0.1646
20480/58950 [=========>....................] - ETA: 18s - loss: 2.3661 - accuracy: 0.1657
21504/58950 [=========>....................] - ETA: 18s - loss: 2.3646 - accuracy: 0.1659
22528/58950 [==========>...................] - ETA: 17s - loss: 2.3624 - accuracy: 0.1665
23552/58950 [==========>...................] - ETA: 16s - loss: 2.3603 - accuracy: 0.1661
24576/58950 [===========>..................] - ETA: 16s - loss: 2.3570 - accuracy: 0.1670
25600/58950 [============>.................] - ETA: 15s - loss: 2.3550 - accuracy: 0.1665
26624/58950 [============>.................] - ETA: 14s - loss: 2.3523 - accuracy: 0.1670
27648/58950 [=============>................] - ETA: 14s - loss: 2.3494 - accuracy: 0.1668
28672/58950 [=============>................] - ETA: 13s - loss: 2.3460 - accuracy: 0.1665
29696/58950 [==============>...............] - ETA: 13s - loss: 2.3423 - accuracy: 0.1665
30720/58950 [==============>...............] - ETA: 12s - loss: 2.3387 - accuracy: 0.1667
31744/58950 [===============>..............] - ETA: 12s - loss: 2.3348 - accuracy: 0.1681
32768/58950 [===============>..............] - ETA: 11s - loss: 2.3309 - accuracy: 0.1695
33792/58950 [================>.............] - ETA: 11s - loss: 2.3268 - accuracy: 0.1720
34816/58950 [================>.............] - ETA: 10s - loss: 2.3222 - accuracy: 0.1746
35840/58950 [=================>............] - ETA: 10s - loss: 2.3177 - accuracy: 0.1768
36864/58950 [=================>............] - ETA: 9s - loss: 2.3135 - accuracy: 0.1781 
37888/58950 [==================>...........] - ETA: 9s - loss: 2.3087 - accuracy: 0.1796
38912/58950 [==================>...........] - ETA: 8s - loss: 2.3027 - accuracy: 0.1813
39936/58950 [===================>..........] - ETA: 8s - loss: 2.2966 - accuracy: 0.1823
40960/58950 [===================>..........] - ETA: 7s - loss: 2.2907 - accuracy: 0.1829
41984/58950 [====================>.........] - ETA: 7s - loss: 2.2838 - accuracy: 0.1837
43008/58950 [====================>.........] - ETA: 7s - loss: 2.2760 - accuracy: 0.1854
44032/58950 [=====================>........] - ETA: 6s - loss: 2.2683 - accuracy: 0.1875
45056/58950 [=====================>........] - ETA: 6s - loss: 2.2619 - accuracy: 0.1888
46080/58950 [======================>.......] - ETA: 5s - loss: 2.2545 - accuracy: 0.1903
47104/58950 [======================>.......] - ETA: 5s - loss: 2.2474 - accuracy: 0.1913
48128/58950 [=======================>......] - ETA: 4s - loss: 2.2414 - accuracy: 0.1919
49152/58950 [========================>.....] - ETA: 4s - loss: 2.2351 - accuracy: 0.1927
50176/58950 [========================>.....] - ETA: 3s - loss: 2.2279 - accuracy: 0.1939
51200/58950 [=========================>....] - ETA: 3s - loss: 2.2220 - accuracy: 0.1952
52224/58950 [=========================>....] - ETA: 2s - loss: 2.2150 - accuracy: 0.1968
53248/58950 [==========================>...] - ETA: 2s - loss: 2.2103 - accuracy: 0.1985
54272/58950 [==========================>...] - ETA: 2s - loss: 2.2035 - accuracy: 0.2002
55296/58950 [===========================>..] - ETA: 1s - loss: 2.1991 - accuracy: 0.2009
56320/58950 [===========================>..] - ETA: 1s - loss: 2.1935 - accuracy: 0.2019
57344/58950 [============================>.] - ETA: 0s - loss: 2.1874 - accuracy: 0.2031
58368/58950 [============================>.] - ETA: 0s - loss: 2.1822 - accuracy: 0.2038
Epoch 00001: val_loss improved from inf to 2.23038, saving model to VGG_dr0.5.h5

58950/58950 [==============================] - 32s 542us/sample - loss: 2.1795 - accuracy: 0.2040 - val_loss: 2.2304 - val_accuracy: 0.1967
Epoch 2/10

 1024/58950 [..............................] - ETA: 24s - loss: 1.8894 - accuracy: 0.2295
 2048/58950 [>.............................] - ETA: 24s - loss: 1.8839 - accuracy: 0.2324
 3072/58950 [>.............................] - ETA: 23s - loss: 1.8741 - accuracy: 0.2480
 4096/58950 [=>............................] - ETA: 22s - loss: 1.8639 - accuracy: 0.2676
 5120/58950 [=>............................] - ETA: 22s - loss: 1.8577 - accuracy: 0.2734
 6144/58950 [==>...........................] - ETA: 22s - loss: 1.8480 - accuracy: 0.2775
 7168/58950 [==>...........................] - ETA: 21s - loss: 1.8412 - accuracy: 0.2806
 8192/58950 [===>..........................] - ETA: 21s - loss: 1.8362 - accuracy: 0.2845
 9216/58950 [===>..........................] - ETA: 20s - loss: 1.8256 - accuracy: 0.2888
10240/58950 [====>.........................] - ETA: 20s - loss: 1.8186 - accuracy: 0.2928
11264/58950 [====>.........................] - ETA: 19s - loss: 1.8141 - accuracy: 0.2946
12288/58950 [=====>........................] - ETA: 18s - loss: 1.8078 - accuracy: 0.2966
13312/58950 [=====>........................] - ETA: 18s - loss: 1.8017 - accuracy: 0.2977
14336/58950 [======>.......................] - ETA: 18s - loss: 1.7944 - accuracy: 0.3016
15360/58950 [======>.......................] - ETA: 17s - loss: 1.7884 - accuracy: 0.3046
16384/58950 [=======>......................] - ETA: 17s - loss: 1.7803 - accuracy: 0.3074
17408/58950 [=======>......................] - ETA: 16s - loss: 1.7754 - accuracy: 0.3092
18432/58950 [========>.....................] - ETA: 16s - loss: 1.7658 - accuracy: 0.3136
19456/58950 [========>.....................] - ETA: 16s - loss: 1.7584 - accuracy: 0.3177
20480/58950 [=========>....................] - ETA: 15s - loss: 1.7502 - accuracy: 0.3203
21504/58950 [=========>....................] - ETA: 15s - loss: 1.7404 - accuracy: 0.3232
22528/58950 [==========>...................] - ETA: 14s - loss: 1.7311 - accuracy: 0.3259
23552/58950 [==========>...................] - ETA: 14s - loss: 1.7218 - accuracy: 0.3280
24576/58950 [===========>..................] - ETA: 14s - loss: 1.7133 - accuracy: 0.3306
25600/58950 [============>.................] - ETA: 13s - loss: 1.7056 - accuracy: 0.3325
26624/58950 [============>.................] - ETA: 13s - loss: 1.6975 - accuracy: 0.3354
27648/58950 [=============>................] - ETA: 12s - loss: 1.6909 - accuracy: 0.3370
28672/58950 [=============>................] - ETA: 12s - loss: 1.6817 - accuracy: 0.3398
29696/58950 [==============>...............] - ETA: 12s - loss: 1.6732 - accuracy: 0.3426
30720/58950 [==============>...............] - ETA: 11s - loss: 1.6637 - accuracy: 0.3455
31744/58950 [===============>..............] - ETA: 11s - loss: 1.6570 - accuracy: 0.3471
32768/58950 [===============>..............] - ETA: 10s - loss: 1.6502 - accuracy: 0.3491
33792/58950 [================>.............] - ETA: 10s - loss: 1.6405 - accuracy: 0.3515
34816/58950 [================>.............] - ETA: 9s - loss: 1.6340 - accuracy: 0.3524 
35840/58950 [=================>............] - ETA: 9s - loss: 1.6254 - accuracy: 0.3546
36864/58950 [=================>............] - ETA: 9s - loss: 1.6190 - accuracy: 0.3571
37888/58950 [==================>...........] - ETA: 8s - loss: 1.6119 - accuracy: 0.3590
38912/58950 [==================>...........] - ETA: 8s - loss: 1.6044 - accuracy: 0.3611
39936/58950 [===================>..........] - ETA: 7s - loss: 1.5964 - accuracy: 0.3631
40960/58950 [===================>..........] - ETA: 7s - loss: 1.5889 - accuracy: 0.3655
41984/58950 [====================>.........] - ETA: 6s - loss: 1.5828 - accuracy: 0.3681
43008/58950 [====================>.........] - ETA: 6s - loss: 1.5750 - accuracy: 0.3707
44032/58950 [=====================>........] - ETA: 6s - loss: 1.5699 - accuracy: 0.3721
45056/58950 [=====================>........] - ETA: 5s - loss: 1.5626 - accuracy: 0.3746
46080/58950 [======================>.......] - ETA: 5s - loss: 1.5555 - accuracy: 0.3771
47104/58950 [======================>.......] - ETA: 4s - loss: 1.5478 - accuracy: 0.3796
48128/58950 [=======================>......] - ETA: 4s - loss: 1.5401 - accuracy: 0.3819
49152/58950 [========================>.....] - ETA: 4s - loss: 1.5338 - accuracy: 0.3840
50176/58950 [========================>.....] - ETA: 3s - loss: 1.5274 - accuracy: 0.3859
51200/58950 [=========================>....] - ETA: 3s - loss: 1.5214 - accuracy: 0.3878
52224/58950 [=========================>....] - ETA: 2s - loss: 1.5149 - accuracy: 0.3897
53248/58950 [==========================>...] - ETA: 2s - loss: 1.5093 - accuracy: 0.3916
54272/58950 [==========================>...] - ETA: 1s - loss: 1.5035 - accuracy: 0.3936
55296/58950 [===========================>..] - ETA: 1s - loss: 1.4985 - accuracy: 0.3953
56320/58950 [===========================>..] - ETA: 1s - loss: 1.4928 - accuracy: 0.3974
57344/58950 [============================>.] - ETA: 0s - loss: 1.4883 - accuracy: 0.3990
58368/58950 [============================>.] - ETA: 0s - loss: 1.4819 - accuracy: 0.4014
Epoch 00002: val_loss did not improve from 2.23038

58950/58950 [==============================] - 26s 434us/sample - loss: 1.4787 - accuracy: 0.4024 - val_loss: 2.5019 - val_accuracy: 0.3746
Epoch 3/10

 1024/58950 [..............................] - ETA: 24s - loss: 1.2193 - accuracy: 0.4785
 2048/58950 [>.............................] - ETA: 25s - loss: 1.1910 - accuracy: 0.4868
 3072/58950 [>.............................] - ETA: 23s - loss: 1.1981 - accuracy: 0.4766
 4096/58950 [=>............................] - ETA: 23s - loss: 1.1938 - accuracy: 0.4795
 5120/58950 [=>............................] - ETA: 22s - loss: 1.1889 - accuracy: 0.4799
 6144/58950 [==>...........................] - ETA: 22s - loss: 1.1751 - accuracy: 0.4862
 7168/58950 [==>...........................] - ETA: 21s - loss: 1.1753 - accuracy: 0.4872
 8192/58950 [===>..........................] - ETA: 21s - loss: 1.1785 - accuracy: 0.4884
 9216/58950 [===>..........................] - ETA: 21s - loss: 1.1708 - accuracy: 0.4945
10240/58950 [====>.........................] - ETA: 20s - loss: 1.1657 - accuracy: 0.4980
11264/58950 [====>.........................] - ETA: 20s - loss: 1.1598 - accuracy: 0.5003
12288/58950 [=====>........................] - ETA: 19s - loss: 1.1517 - accuracy: 0.5038
13312/58950 [=====>........................] - ETA: 19s - loss: 1.1513 - accuracy: 0.5044
14336/58950 [======>.......................] - ETA: 18s - loss: 1.1498 - accuracy: 0.5037
15360/58950 [======>.......................] - ETA: 18s - loss: 1.1456 - accuracy: 0.5048
16384/58950 [=======>......................] - ETA: 17s - loss: 1.1405 - accuracy: 0.5073
17408/58950 [=======>......................] - ETA: 17s - loss: 1.1376 - accuracy: 0.5081
18432/58950 [========>.....................] - ETA: 16s - loss: 1.1364 - accuracy: 0.5082
19456/58950 [========>.....................] - ETA: 16s - loss: 1.1326 - accuracy: 0.5095
20480/58950 [=========>....................] - ETA: 16s - loss: 1.1311 - accuracy: 0.5105
21504/58950 [=========>....................] - ETA: 15s - loss: 1.1265 - accuracy: 0.5121
22528/58950 [==========>...................] - ETA: 15s - loss: 1.1216 - accuracy: 0.5139
23552/58950 [==========>...................] - ETA: 14s - loss: 1.1181 - accuracy: 0.5163
24576/58950 [===========>..................] - ETA: 14s - loss: 1.1167 - accuracy: 0.5175
25600/58950 [============>.................] - ETA: 13s - loss: 1.1150 - accuracy: 0.5191
26624/58950 [============>.................] - ETA: 13s - loss: 1.1135 - accuracy: 0.5199
27648/58950 [=============>................] - ETA: 13s - loss: 1.1117 - accuracy: 0.5202
28672/58950 [=============>................] - ETA: 12s - loss: 1.1082 - accuracy: 0.5213
29696/58950 [==============>...............] - ETA: 12s - loss: 1.1052 - accuracy: 0.5220
30720/58950 [==============>...............] - ETA: 11s - loss: 1.1005 - accuracy: 0.5234
31744/58950 [===============>..............] - ETA: 11s - loss: 1.0986 - accuracy: 0.5239
32768/58950 [===============>..............] - ETA: 10s - loss: 1.0964 - accuracy: 0.5255
33792/58950 [================>.............] - ETA: 10s - loss: 1.0939 - accuracy: 0.5273
34816/58950 [================>.............] - ETA: 10s - loss: 1.0927 - accuracy: 0.5278
35840/58950 [=================>............] - ETA: 9s - loss: 1.0892 - accuracy: 0.5295 
36864/58950 [=================>............] - ETA: 9s - loss: 1.0864 - accuracy: 0.5309
37888/58950 [==================>...........] - ETA: 8s - loss: 1.0833 - accuracy: 0.5320
38912/58950 [==================>...........] - ETA: 8s - loss: 1.0810 - accuracy: 0.5329
39936/58950 [===================>..........] - ETA: 7s - loss: 1.0789 - accuracy: 0.5335
40960/58950 [===================>..........] - ETA: 7s - loss: 1.0767 - accuracy: 0.5343
41984/58950 [====================>.........] - ETA: 7s - loss: 1.0736 - accuracy: 0.5359
43008/58950 [====================>.........] - ETA: 6s - loss: 1.0708 - accuracy: 0.5366
44032/58950 [=====================>........] - ETA: 6s - loss: 1.0685 - accuracy: 0.5376
45056/58950 [=====================>........] - ETA: 5s - loss: 1.0661 - accuracy: 0.5389
46080/58950 [======================>.......] - ETA: 5s - loss: 1.0648 - accuracy: 0.5392
47104/58950 [======================>.......] - ETA: 4s - loss: 1.0634 - accuracy: 0.5395
48128/58950 [=======================>......] - ETA: 4s - loss: 1.0607 - accuracy: 0.5403
49152/58950 [========================>.....] - ETA: 4s - loss: 1.0577 - accuracy: 0.5414
50176/58950 [========================>.....] - ETA: 3s - loss: 1.0541 - accuracy: 0.5430
51200/58950 [=========================>....] - ETA: 3s - loss: 1.0523 - accuracy: 0.5436
52224/58950 [=========================>....] - ETA: 2s - loss: 1.0495 - accuracy: 0.5443
53248/58950 [==========================>...] - ETA: 2s - loss: 1.0466 - accuracy: 0.5454
54272/58950 [==========================>...] - ETA: 1s - loss: 1.0432 - accuracy: 0.5465
55296/58950 [===========================>..] - ETA: 1s - loss: 1.0414 - accuracy: 0.5475
56320/58950 [===========================>..] - ETA: 1s - loss: 1.0384 - accuracy: 0.5486
57344/58950 [============================>.] - ETA: 0s - loss: 1.0351 - accuracy: 0.5496
58368/58950 [============================>.] - ETA: 0s - loss: 1.0332 - accuracy: 0.5500
Epoch 00003: val_loss did not improve from 2.23038

58950/58950 [==============================] - 26s 441us/sample - loss: 1.0318 - accuracy: 0.5504 - val_loss: 2.7265 - val_accuracy: 0.4538
Epoch 4/10

 1024/58950 [..............................] - ETA: 24s - loss: 0.8336 - accuracy: 0.6455
 2048/58950 [>.............................] - ETA: 23s - loss: 0.8550 - accuracy: 0.6382
 3072/58950 [>.............................] - ETA: 23s - loss: 0.8514 - accuracy: 0.6266
 4096/58950 [=>............................] - ETA: 23s - loss: 0.8651 - accuracy: 0.6187
 5120/58950 [=>............................] - ETA: 22s - loss: 0.8693 - accuracy: 0.6168
 6144/58950 [==>...........................] - ETA: 22s - loss: 0.8716 - accuracy: 0.6131
 7168/58950 [==>...........................] - ETA: 21s - loss: 0.8687 - accuracy: 0.6138
 8192/58950 [===>..........................] - ETA: 21s - loss: 0.8662 - accuracy: 0.6155
 9216/58950 [===>..........................] - ETA: 20s - loss: 0.8620 - accuracy: 0.6176
10240/58950 [====>.........................] - ETA: 20s - loss: 0.8611 - accuracy: 0.6181
11264/58950 [====>.........................] - ETA: 20s - loss: 0.8590 - accuracy: 0.6162
12288/58950 [=====>........................] - ETA: 19s - loss: 0.8583 - accuracy: 0.6162
13312/58950 [=====>........................] - ETA: 19s - loss: 0.8563 - accuracy: 0.6169
14336/58950 [======>.......................] - ETA: 18s - loss: 0.8518 - accuracy: 0.6186
15360/58950 [======>.......................] - ETA: 18s - loss: 0.8478 - accuracy: 0.6197
16384/58950 [=======>......................] - ETA: 17s - loss: 0.8445 - accuracy: 0.6208
17408/58950 [=======>......................] - ETA: 17s - loss: 0.8423 - accuracy: 0.6212
18432/58950 [========>.....................] - ETA: 17s - loss: 0.8402 - accuracy: 0.6223
19456/58950 [========>.....................] - ETA: 16s - loss: 0.8396 - accuracy: 0.6230
20480/58950 [=========>....................] - ETA: 16s - loss: 0.8376 - accuracy: 0.6236
21504/58950 [=========>....................] - ETA: 15s - loss: 0.8334 - accuracy: 0.6247
22528/58950 [==========>...................] - ETA: 15s - loss: 0.8314 - accuracy: 0.6242
23552/58950 [==========>...................] - ETA: 14s - loss: 0.8271 - accuracy: 0.6264
24576/58950 [===========>..................] - ETA: 14s - loss: 0.8265 - accuracy: 0.6261
25600/58950 [============>.................] - ETA: 14s - loss: 0.8256 - accuracy: 0.6260
26624/58950 [============>.................] - ETA: 13s - loss: 0.8245 - accuracy: 0.6257
27648/58950 [=============>................] - ETA: 13s - loss: 0.8220 - accuracy: 0.6266
28672/58950 [=============>................] - ETA: 12s - loss: 0.8204 - accuracy: 0.6269
29696/58950 [==============>...............] - ETA: 12s - loss: 0.8167 - accuracy: 0.6281
30720/58950 [==============>...............] - ETA: 12s - loss: 0.8154 - accuracy: 0.6287
31744/58950 [===============>..............] - ETA: 11s - loss: 0.8142 - accuracy: 0.6289
32768/58950 [===============>..............] - ETA: 11s - loss: 0.8111 - accuracy: 0.6303
33792/58950 [================>.............] - ETA: 10s - loss: 0.8103 - accuracy: 0.6308
34816/58950 [================>.............] - ETA: 10s - loss: 0.8083 - accuracy: 0.6314
35840/58950 [=================>............] - ETA: 9s - loss: 0.8059 - accuracy: 0.6326 
36864/58950 [=================>............] - ETA: 9s - loss: 0.8045 - accuracy: 0.6331
37888/58950 [==================>...........] - ETA: 8s - loss: 0.8037 - accuracy: 0.6331
38912/58950 [==================>...........] - ETA: 8s - loss: 0.8022 - accuracy: 0.6335
39936/58950 [===================>..........] - ETA: 8s - loss: 0.8003 - accuracy: 0.6337
40960/58950 [===================>..........] - ETA: 7s - loss: 0.7989 - accuracy: 0.6343
41984/58950 [====================>.........] - ETA: 7s - loss: 0.7982 - accuracy: 0.6339
43008/58950 [====================>.........] - ETA: 6s - loss: 0.7980 - accuracy: 0.6336
44032/58950 [=====================>........] - ETA: 6s - loss: 0.7962 - accuracy: 0.6339
45056/58950 [=====================>........] - ETA: 5s - loss: 0.7948 - accuracy: 0.6343
46080/58950 [======================>.......] - ETA: 5s - loss: 0.7934 - accuracy: 0.6351
47104/58950 [======================>.......] - ETA: 4s - loss: 0.7924 - accuracy: 0.6355
48128/58950 [=======================>......] - ETA: 4s - loss: 0.7914 - accuracy: 0.6357
49152/58950 [========================>.....] - ETA: 4s - loss: 0.7904 - accuracy: 0.6360
50176/58950 [========================>.....] - ETA: 3s - loss: 0.7891 - accuracy: 0.6362
51200/58950 [=========================>....] - ETA: 3s - loss: 0.7872 - accuracy: 0.6367
52224/58950 [=========================>....] - ETA: 2s - loss: 0.7861 - accuracy: 0.6371
53248/58950 [==========================>...] - ETA: 2s - loss: 0.7855 - accuracy: 0.6373
54272/58950 [==========================>...] - ETA: 1s - loss: 0.7848 - accuracy: 0.6374
55296/58950 [===========================>..] - ETA: 1s - loss: 0.7833 - accuracy: 0.6380
56320/58950 [===========================>..] - ETA: 1s - loss: 0.7827 - accuracy: 0.6385
57344/58950 [============================>.] - ETA: 0s - loss: 0.7811 - accuracy: 0.6390
58368/58950 [============================>.] - ETA: 0s - loss: 0.7805 - accuracy: 0.6388
Epoch 00004: val_loss did not improve from 2.23038

58950/58950 [==============================] - 25s 416us/sample - loss: 0.7799 - accuracy: 0.6388 - val_loss: 2.6745 - val_accuracy: 0.5091
Epoch 5/10

 1024/58950 [..............................] - ETA: 20s - loss: 0.6931 - accuracy: 0.6621
 2048/58950 [>.............................] - ETA: 20s - loss: 0.6778 - accuracy: 0.6816
 3072/58950 [>.............................] - ETA: 19s - loss: 0.6807 - accuracy: 0.6745
 4096/58950 [=>............................] - ETA: 19s - loss: 0.6694 - accuracy: 0.6812
 5120/58950 [=>............................] - ETA: 18s - loss: 0.6767 - accuracy: 0.6740
 6144/58950 [==>...........................] - ETA: 18s - loss: 0.6783 - accuracy: 0.6740
 7168/58950 [==>...........................] - ETA: 17s - loss: 0.6801 - accuracy: 0.6702
 8192/58950 [===>..........................] - ETA: 17s - loss: 0.6780 - accuracy: 0.6738
 9216/58950 [===>..........................] - ETA: 17s - loss: 0.6741 - accuracy: 0.6746
10240/58950 [====>.........................] - ETA: 16s - loss: 0.6750 - accuracy: 0.6751
11264/58950 [====>.........................] - ETA: 16s - loss: 0.6730 - accuracy: 0.6755
12288/58950 [=====>........................] - ETA: 16s - loss: 0.6722 - accuracy: 0.6762
13312/58950 [=====>........................] - ETA: 15s - loss: 0.6715 - accuracy: 0.6762
14336/58950 [======>.......................] - ETA: 15s - loss: 0.6718 - accuracy: 0.6759
15360/58950 [======>.......................] - ETA: 15s - loss: 0.6687 - accuracy: 0.6775
16384/58950 [=======>......................] - ETA: 14s - loss: 0.6661 - accuracy: 0.6784
17408/58950 [=======>......................] - ETA: 14s - loss: 0.6667 - accuracy: 0.6769
18432/58950 [========>.....................] - ETA: 13s - loss: 0.6660 - accuracy: 0.6779
19456/58950 [========>.....................] - ETA: 13s - loss: 0.6672 - accuracy: 0.6768
20480/58950 [=========>....................] - ETA: 13s - loss: 0.6672 - accuracy: 0.6770
21504/58950 [=========>....................] - ETA: 12s - loss: 0.6677 - accuracy: 0.6763
22528/58950 [==========>...................] - ETA: 12s - loss: 0.6674 - accuracy: 0.6768
23552/58950 [==========>...................] - ETA: 12s - loss: 0.6677 - accuracy: 0.6769
24576/58950 [===========>..................] - ETA: 11s - loss: 0.6667 - accuracy: 0.6779
25600/58950 [============>.................] - ETA: 11s - loss: 0.6678 - accuracy: 0.6780
26624/58950 [============>.................] - ETA: 11s - loss: 0.6668 - accuracy: 0.6788
27648/58950 [=============>................] - ETA: 10s - loss: 0.6658 - accuracy: 0.6794
28672/58950 [=============>................] - ETA: 10s - loss: 0.6654 - accuracy: 0.6791
29696/58950 [==============>...............] - ETA: 10s - loss: 0.6647 - accuracy: 0.6794
30720/58950 [==============>...............] - ETA: 9s - loss: 0.6639 - accuracy: 0.6796 
31744/58950 [===============>..............] - ETA: 9s - loss: 0.6633 - accuracy: 0.6798
32768/58950 [===============>..............] - ETA: 9s - loss: 0.6625 - accuracy: 0.6797
33792/58950 [================>.............] - ETA: 8s - loss: 0.6622 - accuracy: 0.6798
34816/58950 [================>.............] - ETA: 8s - loss: 0.6609 - accuracy: 0.6813
35840/58950 [=================>............] - ETA: 7s - loss: 0.6598 - accuracy: 0.6818
36864/58950 [=================>............] - ETA: 7s - loss: 0.6590 - accuracy: 0.6820
37888/58950 [==================>...........] - ETA: 7s - loss: 0.6580 - accuracy: 0.6821
38912/58950 [==================>...........] - ETA: 6s - loss: 0.6574 - accuracy: 0.6824
39936/58950 [===================>..........] - ETA: 6s - loss: 0.6566 - accuracy: 0.6828
40960/58950 [===================>..........] - ETA: 6s - loss: 0.6556 - accuracy: 0.6835
41984/58950 [====================>.........] - ETA: 5s - loss: 0.6544 - accuracy: 0.6842
43008/58950 [====================>.........] - ETA: 5s - loss: 0.6528 - accuracy: 0.6849
44032/58950 [=====================>........] - ETA: 5s - loss: 0.6524 - accuracy: 0.6855
45056/58950 [=====================>........] - ETA: 4s - loss: 0.6516 - accuracy: 0.6861
46080/58950 [======================>.......] - ETA: 4s - loss: 0.6503 - accuracy: 0.6867
47104/58950 [======================>.......] - ETA: 4s - loss: 0.6494 - accuracy: 0.6872
48128/58950 [=======================>......] - ETA: 3s - loss: 0.6488 - accuracy: 0.6874
49152/58950 [========================>.....] - ETA: 3s - loss: 0.6482 - accuracy: 0.6878
50176/58950 [========================>.....] - ETA: 3s - loss: 0.6472 - accuracy: 0.6883
51200/58950 [=========================>....] - ETA: 2s - loss: 0.6467 - accuracy: 0.6884
52224/58950 [=========================>....] - ETA: 2s - loss: 0.6453 - accuracy: 0.6891
53248/58950 [==========================>...] - ETA: 1s - loss: 0.6449 - accuracy: 0.6891
54272/58950 [==========================>...] - ETA: 1s - loss: 0.6447 - accuracy: 0.6893
55296/58950 [===========================>..] - ETA: 1s - loss: 0.6434 - accuracy: 0.6897
56320/58950 [===========================>..] - ETA: 0s - loss: 0.6430 - accuracy: 0.6899
57344/58950 [============================>.] - ETA: 0s - loss: 0.6426 - accuracy: 0.6898
58368/58950 [============================>.] - ETA: 0s - loss: 0.6416 - accuracy: 0.6904
Epoch 00005: val_loss did not improve from 2.23038

58950/58950 [==============================] - 21s 363us/sample - loss: 0.6409 - accuracy: 0.6906 - val_loss: 3.0137 - val_accuracy: 0.5603
Epoch 6/10

 1024/58950 [..............................] - ETA: 22s - loss: 0.5412 - accuracy: 0.7383
 2048/58950 [>.............................] - ETA: 20s - loss: 0.5587 - accuracy: 0.7319
 3072/58950 [>.............................] - ETA: 19s - loss: 0.5648 - accuracy: 0.7266
 4096/58950 [=>............................] - ETA: 19s - loss: 0.5692 - accuracy: 0.7261
 5120/58950 [=>............................] - ETA: 18s - loss: 0.5698 - accuracy: 0.7232
 6144/58950 [==>...........................] - ETA: 18s - loss: 0.5690 - accuracy: 0.7223
 7168/58950 [==>...........................] - ETA: 18s - loss: 0.5738 - accuracy: 0.7167
 8192/58950 [===>..........................] - ETA: 17s - loss: 0.5733 - accuracy: 0.7164
 9216/58950 [===>..........................] - ETA: 17s - loss: 0.5739 - accuracy: 0.7148
10240/58950 [====>.........................] - ETA: 16s - loss: 0.5729 - accuracy: 0.7164
11264/58950 [====>.........................] - ETA: 16s - loss: 0.5722 - accuracy: 0.7182
12288/58950 [=====>........................] - ETA: 16s - loss: 0.5709 - accuracy: 0.7202
13312/58950 [=====>........................] - ETA: 15s - loss: 0.5714 - accuracy: 0.7203
14336/58950 [======>.......................] - ETA: 15s - loss: 0.5716 - accuracy: 0.7212
15360/58950 [======>.......................] - ETA: 15s - loss: 0.5705 - accuracy: 0.7214
16384/58950 [=======>......................] - ETA: 14s - loss: 0.5707 - accuracy: 0.7218
17408/58950 [=======>......................] - ETA: 14s - loss: 0.5720 - accuracy: 0.7206
18432/58950 [========>.....................] - ETA: 14s - loss: 0.5693 - accuracy: 0.7226
19456/58950 [========>.....................] - ETA: 13s - loss: 0.5689 - accuracy: 0.7233
20480/58950 [=========>....................] - ETA: 13s - loss: 0.5675 - accuracy: 0.7240
21504/58950 [=========>....................] - ETA: 13s - loss: 0.5699 - accuracy: 0.7231
22528/58950 [==========>...................] - ETA: 13s - loss: 0.5706 - accuracy: 0.7229
23552/58950 [==========>...................] - ETA: 12s - loss: 0.5679 - accuracy: 0.7240
24576/58950 [===========>..................] - ETA: 12s - loss: 0.5664 - accuracy: 0.7253
25600/58950 [============>.................] - ETA: 12s - loss: 0.5659 - accuracy: 0.7263
26624/58950 [============>.................] - ETA: 11s - loss: 0.5630 - accuracy: 0.7282
27648/58950 [=============>................] - ETA: 11s - loss: 0.5633 - accuracy: 0.7279
28672/58950 [=============>................] - ETA: 11s - loss: 0.5626 - accuracy: 0.7279
29696/58950 [==============>...............] - ETA: 10s - loss: 0.5621 - accuracy: 0.7285
30720/58950 [==============>...............] - ETA: 10s - loss: 0.5624 - accuracy: 0.7279
31744/58950 [===============>..............] - ETA: 10s - loss: 0.5607 - accuracy: 0.7289
32768/58950 [===============>..............] - ETA: 9s - loss: 0.5593 - accuracy: 0.7302 
33792/58950 [================>.............] - ETA: 9s - loss: 0.5595 - accuracy: 0.7300
34816/58950 [================>.............] - ETA: 9s - loss: 0.5586 - accuracy: 0.7307
35840/58950 [=================>............] - ETA: 8s - loss: 0.5578 - accuracy: 0.7316
36864/58950 [=================>............] - ETA: 8s - loss: 0.5569 - accuracy: 0.7317
37888/58950 [==================>...........] - ETA: 8s - loss: 0.5552 - accuracy: 0.7324
38912/58950 [==================>...........] - ETA: 7s - loss: 0.5557 - accuracy: 0.7319
39936/58950 [===================>..........] - ETA: 7s - loss: 0.5545 - accuracy: 0.7323
40960/58950 [===================>..........] - ETA: 7s - loss: 0.5533 - accuracy: 0.7329
41984/58950 [====================>.........] - ETA: 6s - loss: 0.5531 - accuracy: 0.7329
43008/58950 [====================>.........] - ETA: 6s - loss: 0.5524 - accuracy: 0.7334
44032/58950 [=====================>........] - ETA: 5s - loss: 0.5524 - accuracy: 0.7335
45056/58950 [=====================>........] - ETA: 5s - loss: 0.5514 - accuracy: 0.7338
46080/58950 [======================>.......] - ETA: 5s - loss: 0.5509 - accuracy: 0.7336
47104/58950 [======================>.......] - ETA: 4s - loss: 0.5507 - accuracy: 0.7335
48128/58950 [=======================>......] - ETA: 4s - loss: 0.5499 - accuracy: 0.7337
49152/58950 [========================>.....] - ETA: 3s - loss: 0.5497 - accuracy: 0.7337
50176/58950 [========================>.....] - ETA: 3s - loss: 0.5500 - accuracy: 0.7334
51200/58950 [=========================>....] - ETA: 3s - loss: 0.5497 - accuracy: 0.7334
52224/58950 [=========================>....] - ETA: 2s - loss: 0.5502 - accuracy: 0.7331
53248/58950 [==========================>...] - ETA: 2s - loss: 0.5502 - accuracy: 0.7331
54272/58950 [==========================>...] - ETA: 1s - loss: 0.5502 - accuracy: 0.7331
55296/58950 [===========================>..] - ETA: 1s - loss: 0.5497 - accuracy: 0.7334
56320/58950 [===========================>..] - ETA: 1s - loss: 0.5489 - accuracy: 0.7336
57344/58950 [============================>.] - ETA: 0s - loss: 0.5487 - accuracy: 0.7339
58368/58950 [============================>.] - ETA: 0s - loss: 0.5487 - accuracy: 0.7341
Epoch 00006: val_loss did not improve from 2.23038

58950/58950 [==============================] - 25s 425us/sample - loss: 0.5481 - accuracy: 0.7344 - val_loss: 2.6931 - val_accuracy: 0.6061
Epoch 7/10

 1024/58950 [..............................] - ETA: 25s - loss: 0.5473 - accuracy: 0.7432
 2048/58950 [>.............................] - ETA: 25s - loss: 0.5256 - accuracy: 0.7578
 3072/58950 [>.............................] - ETA: 24s - loss: 0.5240 - accuracy: 0.7627
 4096/58950 [=>............................] - ETA: 24s - loss: 0.5174 - accuracy: 0.7632
 5120/58950 [=>............................] - ETA: 23s - loss: 0.5133 - accuracy: 0.7637
 6144/58950 [==>...........................] - ETA: 22s - loss: 0.5217 - accuracy: 0.7607
 7168/58950 [==>...........................] - ETA: 22s - loss: 0.5187 - accuracy: 0.7624
 8192/58950 [===>..........................] - ETA: 22s - loss: 0.5151 - accuracy: 0.7660
 9216/58950 [===>..........................] - ETA: 21s - loss: 0.5187 - accuracy: 0.7640
10240/58950 [====>.........................] - ETA: 21s - loss: 0.5183 - accuracy: 0.7633
11264/58950 [====>.........................] - ETA: 20s - loss: 0.5192 - accuracy: 0.7624
12288/58950 [=====>........................] - ETA: 20s - loss: 0.5182 - accuracy: 0.7616
13312/58950 [=====>........................] - ETA: 20s - loss: 0.5185 - accuracy: 0.7614
14336/58950 [======>.......................] - ETA: 19s - loss: 0.5163 - accuracy: 0.7616
15360/58950 [======>.......................] - ETA: 19s - loss: 0.5149 - accuracy: 0.7618
16384/58950 [=======>......................] - ETA: 18s - loss: 0.5140 - accuracy: 0.7623
17408/58950 [=======>......................] - ETA: 18s - loss: 0.5134 - accuracy: 0.7618
18432/58950 [========>.....................] - ETA: 17s - loss: 0.5109 - accuracy: 0.7625
19456/58950 [========>.....................] - ETA: 17s - loss: 0.5096 - accuracy: 0.7621
20480/58950 [=========>....................] - ETA: 16s - loss: 0.5078 - accuracy: 0.7636
21504/58950 [=========>....................] - ETA: 16s - loss: 0.5082 - accuracy: 0.7635
22528/58950 [==========>...................] - ETA: 16s - loss: 0.5080 - accuracy: 0.7634
23552/58950 [==========>...................] - ETA: 15s - loss: 0.5078 - accuracy: 0.7622
24576/58950 [===========>..................] - ETA: 15s - loss: 0.5064 - accuracy: 0.7625
25600/58950 [============>.................] - ETA: 14s - loss: 0.5071 - accuracy: 0.7620
26624/58950 [============>.................] - ETA: 14s - loss: 0.5063 - accuracy: 0.7623
27648/58950 [=============>................] - ETA: 13s - loss: 0.5057 - accuracy: 0.7630
28672/58950 [=============>................] - ETA: 13s - loss: 0.5039 - accuracy: 0.7636
29696/58950 [==============>...............] - ETA: 12s - loss: 0.5034 - accuracy: 0.7631
30720/58950 [==============>...............] - ETA: 12s - loss: 0.5026 - accuracy: 0.7637
31744/58950 [===============>..............] - ETA: 12s - loss: 0.5020 - accuracy: 0.7637
32768/58950 [===============>..............] - ETA: 11s - loss: 0.5017 - accuracy: 0.7634
33792/58950 [================>.............] - ETA: 11s - loss: 0.5008 - accuracy: 0.7633
34816/58950 [================>.............] - ETA: 10s - loss: 0.5005 - accuracy: 0.7631
35840/58950 [=================>............] - ETA: 10s - loss: 0.4995 - accuracy: 0.7634
36864/58950 [=================>............] - ETA: 9s - loss: 0.4983 - accuracy: 0.7640 
37888/58950 [==================>...........] - ETA: 9s - loss: 0.4979 - accuracy: 0.7642
38912/58950 [==================>...........] - ETA: 8s - loss: 0.4975 - accuracy: 0.7643
39936/58950 [===================>..........] - ETA: 8s - loss: 0.4968 - accuracy: 0.7643
40960/58950 [===================>..........] - ETA: 8s - loss: 0.4965 - accuracy: 0.7646
41984/58950 [====================>.........] - ETA: 7s - loss: 0.4958 - accuracy: 0.7648
43008/58950 [====================>.........] - ETA: 7s - loss: 0.4950 - accuracy: 0.7654
44032/58950 [=====================>........] - ETA: 6s - loss: 0.4943 - accuracy: 0.7655
45056/58950 [=====================>........] - ETA: 6s - loss: 0.4933 - accuracy: 0.7661
46080/58950 [======================>.......] - ETA: 5s - loss: 0.4924 - accuracy: 0.7664
47104/58950 [======================>.......] - ETA: 5s - loss: 0.4924 - accuracy: 0.7661
48128/58950 [=======================>......] - ETA: 4s - loss: 0.4912 - accuracy: 0.7667
49152/58950 [========================>.....] - ETA: 4s - loss: 0.4906 - accuracy: 0.7669
50176/58950 [========================>.....] - ETA: 3s - loss: 0.4902 - accuracy: 0.7671
51200/58950 [=========================>....] - ETA: 3s - loss: 0.4894 - accuracy: 0.7676
52224/58950 [=========================>....] - ETA: 2s - loss: 0.4892 - accuracy: 0.7680
53248/58950 [==========================>...] - ETA: 2s - loss: 0.4888 - accuracy: 0.7683
54272/58950 [==========================>...] - ETA: 2s - loss: 0.4889 - accuracy: 0.7685
55296/58950 [===========================>..] - ETA: 1s - loss: 0.4883 - accuracy: 0.7687
56320/58950 [===========================>..] - ETA: 1s - loss: 0.4878 - accuracy: 0.7688
57344/58950 [============================>.] - ETA: 0s - loss: 0.4865 - accuracy: 0.7693
58368/58950 [============================>.] - ETA: 0s - loss: 0.4859 - accuracy: 0.7696
Epoch 00007: val_loss did not improve from 2.23038

58950/58950 [==============================] - 27s 461us/sample - loss: 0.4858 - accuracy: 0.7696 - val_loss: 3.0210 - val_accuracy: 0.6330
Epoch 8/10

 1024/58950 [..............................] - ETA: 24s - loss: 0.4314 - accuracy: 0.8057
 2048/58950 [>.............................] - ETA: 24s - loss: 0.4529 - accuracy: 0.7954
 3072/58950 [>.............................] - ETA: 23s - loss: 0.4553 - accuracy: 0.7891
 4096/58950 [=>............................] - ETA: 24s - loss: 0.4575 - accuracy: 0.7881
 5120/58950 [=>............................] - ETA: 24s - loss: 0.4532 - accuracy: 0.7920
 6144/58950 [==>...........................] - ETA: 23s - loss: 0.4542 - accuracy: 0.7920
 7168/58950 [==>...........................] - ETA: 23s - loss: 0.4546 - accuracy: 0.7886
 8192/58950 [===>..........................] - ETA: 22s - loss: 0.4532 - accuracy: 0.7887
 9216/58950 [===>..........................] - ETA: 21s - loss: 0.4487 - accuracy: 0.7898
10240/58950 [====>.........................] - ETA: 21s - loss: 0.4506 - accuracy: 0.7892
11264/58950 [====>.........................] - ETA: 21s - loss: 0.4457 - accuracy: 0.7913
12288/58950 [=====>........................] - ETA: 20s - loss: 0.4459 - accuracy: 0.7910
13312/58950 [=====>........................] - ETA: 20s - loss: 0.4499 - accuracy: 0.7891
14336/58950 [======>.......................] - ETA: 19s - loss: 0.4484 - accuracy: 0.7905
15360/58950 [======>.......................] - ETA: 19s - loss: 0.4474 - accuracy: 0.7903
16384/58950 [=======>......................] - ETA: 18s - loss: 0.4470 - accuracy: 0.7913
17408/58950 [=======>......................] - ETA: 18s - loss: 0.4449 - accuracy: 0.7929
18432/58950 [========>.....................] - ETA: 17s - loss: 0.4440 - accuracy: 0.7928
19456/58950 [========>.....................] - ETA: 17s - loss: 0.4428 - accuracy: 0.7935
20480/58950 [=========>....................] - ETA: 16s - loss: 0.4411 - accuracy: 0.7944
21504/58950 [=========>....................] - ETA: 16s - loss: 0.4403 - accuracy: 0.7946
22528/58950 [==========>...................] - ETA: 16s - loss: 0.4392 - accuracy: 0.7951
23552/58950 [==========>...................] - ETA: 15s - loss: 0.4391 - accuracy: 0.7946
24576/58950 [===========>..................] - ETA: 15s - loss: 0.4378 - accuracy: 0.7951
25600/58950 [============>.................] - ETA: 14s - loss: 0.4368 - accuracy: 0.7961
26624/58950 [============>.................] - ETA: 14s - loss: 0.4363 - accuracy: 0.7957
27648/58950 [=============>................] - ETA: 13s - loss: 0.4365 - accuracy: 0.7952
28672/58950 [=============>................] - ETA: 13s - loss: 0.4367 - accuracy: 0.7944
29696/58950 [==============>...............] - ETA: 12s - loss: 0.4371 - accuracy: 0.7943
30720/58950 [==============>...............] - ETA: 12s - loss: 0.4354 - accuracy: 0.7949
31744/58950 [===============>..............] - ETA: 12s - loss: 0.4341 - accuracy: 0.7955
32768/58950 [===============>..............] - ETA: 11s - loss: 0.4334 - accuracy: 0.7961
33792/58950 [================>.............] - ETA: 11s - loss: 0.4328 - accuracy: 0.7960
34816/58950 [================>.............] - ETA: 10s - loss: 0.4325 - accuracy: 0.7962
35840/58950 [=================>............] - ETA: 10s - loss: 0.4316 - accuracy: 0.7967
36864/58950 [=================>............] - ETA: 10s - loss: 0.4307 - accuracy: 0.7966
37888/58950 [==================>...........] - ETA: 9s - loss: 0.4307 - accuracy: 0.7966 
38912/58950 [==================>...........] - ETA: 9s - loss: 0.4308 - accuracy: 0.7964
39936/58950 [===================>..........] - ETA: 8s - loss: 0.4298 - accuracy: 0.7968
40960/58950 [===================>..........] - ETA: 8s - loss: 0.4297 - accuracy: 0.7970
41984/58950 [====================>.........] - ETA: 7s - loss: 0.4291 - accuracy: 0.7973
43008/58950 [====================>.........] - ETA: 7s - loss: 0.4288 - accuracy: 0.7974
44032/58950 [=====================>........] - ETA: 6s - loss: 0.4287 - accuracy: 0.7975
45056/58950 [=====================>........] - ETA: 6s - loss: 0.4287 - accuracy: 0.7974
46080/58950 [======================>.......] - ETA: 5s - loss: 0.4290 - accuracy: 0.7973
47104/58950 [======================>.......] - ETA: 5s - loss: 0.4284 - accuracy: 0.7974
48128/58950 [=======================>......] - ETA: 4s - loss: 0.4279 - accuracy: 0.7977
49152/58950 [========================>.....] - ETA: 4s - loss: 0.4274 - accuracy: 0.7984
50176/58950 [========================>.....] - ETA: 4s - loss: 0.4273 - accuracy: 0.7985
51200/58950 [=========================>....] - ETA: 3s - loss: 0.4265 - accuracy: 0.7990
52224/58950 [=========================>....] - ETA: 3s - loss: 0.4261 - accuracy: 0.7989
53248/58950 [==========================>...] - ETA: 2s - loss: 0.4254 - accuracy: 0.7991
54272/58950 [==========================>...] - ETA: 2s - loss: 0.4247 - accuracy: 0.7994
55296/58950 [===========================>..] - ETA: 1s - loss: 0.4247 - accuracy: 0.7992
56320/58950 [===========================>..] - ETA: 1s - loss: 0.4245 - accuracy: 0.7994
57344/58950 [============================>.] - ETA: 0s - loss: 0.4239 - accuracy: 0.7997
58368/58950 [============================>.] - ETA: 0s - loss: 0.4236 - accuracy: 0.7998
Epoch 00008: val_loss did not improve from 2.23038

58950/58950 [==============================] - 28s 479us/sample - loss: 0.4238 - accuracy: 0.7997 - val_loss: 2.9799 - val_accuracy: 0.6517
Epoch 9/10

 1024/58950 [..............................] - ETA: 24s - loss: 0.4009 - accuracy: 0.8350
 2048/58950 [>.............................] - ETA: 25s - loss: 0.3881 - accuracy: 0.8311
 3072/58950 [>.............................] - ETA: 24s - loss: 0.3948 - accuracy: 0.8278
 4096/58950 [=>............................] - ETA: 24s - loss: 0.3978 - accuracy: 0.8208
 5120/58950 [=>............................] - ETA: 23s - loss: 0.4011 - accuracy: 0.8191
 6144/58950 [==>...........................] - ETA: 22s - loss: 0.3978 - accuracy: 0.8210
 7168/58950 [==>...........................] - ETA: 22s - loss: 0.3951 - accuracy: 0.8216
 8192/58950 [===>..........................] - ETA: 21s - loss: 0.3979 - accuracy: 0.8197
 9216/58950 [===>..........................] - ETA: 21s - loss: 0.3948 - accuracy: 0.8211
10240/58950 [====>.........................] - ETA: 21s - loss: 0.3944 - accuracy: 0.8198
11264/58950 [====>.........................] - ETA: 20s - loss: 0.3948 - accuracy: 0.8195
12288/58950 [=====>........................] - ETA: 20s - loss: 0.3928 - accuracy: 0.8197
13312/58950 [=====>........................] - ETA: 19s - loss: 0.3915 - accuracy: 0.8190
14336/58950 [======>.......................] - ETA: 19s - loss: 0.3943 - accuracy: 0.8169
15360/58950 [======>.......................] - ETA: 18s - loss: 0.3933 - accuracy: 0.8179
16384/58950 [=======>......................] - ETA: 18s - loss: 0.3907 - accuracy: 0.8195
17408/58950 [=======>......................] - ETA: 18s - loss: 0.3914 - accuracy: 0.8182
18432/58950 [========>.....................] - ETA: 17s - loss: 0.3894 - accuracy: 0.8190
19456/58950 [========>.....................] - ETA: 17s - loss: 0.3879 - accuracy: 0.8196
20480/58950 [=========>....................] - ETA: 16s - loss: 0.3895 - accuracy: 0.8186
21504/58950 [=========>....................] - ETA: 16s - loss: 0.3897 - accuracy: 0.8178
22528/58950 [==========>...................] - ETA: 15s - loss: 0.3899 - accuracy: 0.8174
23552/58950 [==========>...................] - ETA: 15s - loss: 0.3892 - accuracy: 0.8181
24576/58950 [===========>..................] - ETA: 14s - loss: 0.3885 - accuracy: 0.8175
25600/58950 [============>.................] - ETA: 14s - loss: 0.3892 - accuracy: 0.8177
26624/58950 [============>.................] - ETA: 13s - loss: 0.3892 - accuracy: 0.8173
27648/58950 [=============>................] - ETA: 13s - loss: 0.3897 - accuracy: 0.8172
28672/58950 [=============>................] - ETA: 13s - loss: 0.3901 - accuracy: 0.8173
29696/58950 [==============>...............] - ETA: 12s - loss: 0.3895 - accuracy: 0.8174
30720/58950 [==============>...............] - ETA: 12s - loss: 0.3890 - accuracy: 0.8173
31744/58950 [===============>..............] - ETA: 11s - loss: 0.3884 - accuracy: 0.8177
32768/58950 [===============>..............] - ETA: 11s - loss: 0.3873 - accuracy: 0.8183
33792/58950 [================>.............] - ETA: 10s - loss: 0.3865 - accuracy: 0.8185
34816/58950 [================>.............] - ETA: 10s - loss: 0.3864 - accuracy: 0.8186
35840/58950 [=================>............] - ETA: 9s - loss: 0.3859 - accuracy: 0.8193 
36864/58950 [=================>............] - ETA: 9s - loss: 0.3860 - accuracy: 0.8191
37888/58950 [==================>...........] - ETA: 9s - loss: 0.3854 - accuracy: 0.8193
38912/58950 [==================>...........] - ETA: 8s - loss: 0.3846 - accuracy: 0.8195
39936/58950 [===================>..........] - ETA: 8s - loss: 0.3840 - accuracy: 0.8199
40960/58950 [===================>..........] - ETA: 7s - loss: 0.3830 - accuracy: 0.8202
41984/58950 [====================>.........] - ETA: 7s - loss: 0.3824 - accuracy: 0.8208
43008/58950 [====================>.........] - ETA: 6s - loss: 0.3816 - accuracy: 0.8212
44032/58950 [=====================>........] - ETA: 6s - loss: 0.3818 - accuracy: 0.8212
45056/58950 [=====================>........] - ETA: 5s - loss: 0.3823 - accuracy: 0.8207
46080/58950 [======================>.......] - ETA: 5s - loss: 0.3817 - accuracy: 0.8212
47104/58950 [======================>.......] - ETA: 5s - loss: 0.3812 - accuracy: 0.8213
48128/58950 [=======================>......] - ETA: 4s - loss: 0.3813 - accuracy: 0.8213
49152/58950 [========================>.....] - ETA: 4s - loss: 0.3809 - accuracy: 0.8215
50176/58950 [========================>.....] - ETA: 3s - loss: 0.3804 - accuracy: 0.8215
51200/58950 [=========================>....] - ETA: 3s - loss: 0.3807 - accuracy: 0.8215
52224/58950 [=========================>....] - ETA: 2s - loss: 0.3801 - accuracy: 0.8214
53248/58950 [==========================>...] - ETA: 2s - loss: 0.3797 - accuracy: 0.8219
54272/58950 [==========================>...] - ETA: 1s - loss: 0.3793 - accuracy: 0.8215
55296/58950 [===========================>..] - ETA: 1s - loss: 0.3793 - accuracy: 0.8213
56320/58950 [===========================>..] - ETA: 1s - loss: 0.3789 - accuracy: 0.8213
57344/58950 [============================>.] - ETA: 0s - loss: 0.3793 - accuracy: 0.8210
58368/58950 [============================>.] - ETA: 0s - loss: 0.3793 - accuracy: 0.8210
Epoch 00009: val_loss did not improve from 2.23038

58950/58950 [==============================] - 26s 447us/sample - loss: 0.3789 - accuracy: 0.8212 - val_loss: 3.1742 - val_accuracy: 0.6396
Epoch 10/10

 1024/58950 [..............................] - ETA: 23s - loss: 0.3503 - accuracy: 0.8379
 2048/58950 [>.............................] - ETA: 23s - loss: 0.3725 - accuracy: 0.8276
 3072/58950 [>.............................] - ETA: 23s - loss: 0.3677 - accuracy: 0.8359
 4096/58950 [=>............................] - ETA: 23s - loss: 0.3700 - accuracy: 0.8330
 5120/58950 [=>............................] - ETA: 22s - loss: 0.3726 - accuracy: 0.8301
 6144/58950 [==>...........................] - ETA: 22s - loss: 0.3707 - accuracy: 0.8288
 7168/58950 [==>...........................] - ETA: 21s - loss: 0.3690 - accuracy: 0.8298
 8192/58950 [===>..........................] - ETA: 21s - loss: 0.3696 - accuracy: 0.8281
 9216/58950 [===>..........................] - ETA: 21s - loss: 0.3654 - accuracy: 0.8292
10240/58950 [====>.........................] - ETA: 21s - loss: 0.3617 - accuracy: 0.8292
11264/58950 [====>.........................] - ETA: 20s - loss: 0.3628 - accuracy: 0.8281
12288/58950 [=====>........................] - ETA: 20s - loss: 0.3639 - accuracy: 0.8271
13312/58950 [=====>........................] - ETA: 19s - loss: 0.3630 - accuracy: 0.8276
14336/58950 [======>.......................] - ETA: 19s - loss: 0.3629 - accuracy: 0.8276
15360/58950 [======>.......................] - ETA: 18s - loss: 0.3612 - accuracy: 0.8292
16384/58950 [=======>......................] - ETA: 18s - loss: 0.3599 - accuracy: 0.8303
17408/58950 [=======>......................] - ETA: 17s - loss: 0.3585 - accuracy: 0.8305
18432/58950 [========>.....................] - ETA: 17s - loss: 0.3558 - accuracy: 0.8316
19456/58950 [========>.....................] - ETA: 17s - loss: 0.3545 - accuracy: 0.8322
20480/58950 [=========>....................] - ETA: 16s - loss: 0.3524 - accuracy: 0.8329
21504/58950 [=========>....................] - ETA: 16s - loss: 0.3509 - accuracy: 0.8339
22528/58950 [==========>...................] - ETA: 15s - loss: 0.3525 - accuracy: 0.8339
23552/58950 [==========>...................] - ETA: 15s - loss: 0.3526 - accuracy: 0.8342
24576/58950 [===========>..................] - ETA: 14s - loss: 0.3518 - accuracy: 0.8354
25600/58950 [============>.................] - ETA: 14s - loss: 0.3522 - accuracy: 0.8351
26624/58950 [============>.................] - ETA: 13s - loss: 0.3522 - accuracy: 0.8348
27648/58950 [=============>................] - ETA: 13s - loss: 0.3515 - accuracy: 0.8352
28672/58950 [=============>................] - ETA: 13s - loss: 0.3516 - accuracy: 0.8352
29696/58950 [==============>...............] - ETA: 12s - loss: 0.3516 - accuracy: 0.8354
30720/58950 [==============>...............] - ETA: 12s - loss: 0.3515 - accuracy: 0.8356
31744/58950 [===============>..............] - ETA: 11s - loss: 0.3509 - accuracy: 0.8358
32768/58950 [===============>..............] - ETA: 11s - loss: 0.3495 - accuracy: 0.8365
33792/58950 [================>.............] - ETA: 10s - loss: 0.3492 - accuracy: 0.8367
34816/58950 [================>.............] - ETA: 10s - loss: 0.3485 - accuracy: 0.8373
35840/58950 [=================>............] - ETA: 10s - loss: 0.3474 - accuracy: 0.8375
36864/58950 [=================>............] - ETA: 9s - loss: 0.3477 - accuracy: 0.8371 
37888/58950 [==================>...........] - ETA: 9s - loss: 0.3477 - accuracy: 0.8369
38912/58950 [==================>...........] - ETA: 8s - loss: 0.3476 - accuracy: 0.8369
39936/58950 [===================>..........] - ETA: 8s - loss: 0.3471 - accuracy: 0.8367
40960/58950 [===================>..........] - ETA: 7s - loss: 0.3468 - accuracy: 0.8365
41984/58950 [====================>.........] - ETA: 7s - loss: 0.3464 - accuracy: 0.8365
43008/58950 [====================>.........] - ETA: 6s - loss: 0.3465 - accuracy: 0.8365
44032/58950 [=====================>........] - ETA: 6s - loss: 0.3465 - accuracy: 0.8363
45056/58950 [=====================>........] - ETA: 6s - loss: 0.3463 - accuracy: 0.8364
46080/58950 [======================>.......] - ETA: 5s - loss: 0.3459 - accuracy: 0.8365
47104/58950 [======================>.......] - ETA: 5s - loss: 0.3465 - accuracy: 0.8361
48128/58950 [=======================>......] - ETA: 4s - loss: 0.3468 - accuracy: 0.8360
49152/58950 [========================>.....] - ETA: 4s - loss: 0.3465 - accuracy: 0.8362
50176/58950 [========================>.....] - ETA: 3s - loss: 0.3456 - accuracy: 0.8366
51200/58950 [=========================>....] - ETA: 3s - loss: 0.3450 - accuracy: 0.8366
52224/58950 [=========================>....] - ETA: 2s - loss: 0.3443 - accuracy: 0.8369
53248/58950 [==========================>...] - ETA: 2s - loss: 0.3439 - accuracy: 0.8370
54272/58950 [==========================>...] - ETA: 2s - loss: 0.3435 - accuracy: 0.8370
55296/58950 [===========================>..] - ETA: 1s - loss: 0.3431 - accuracy: 0.8371
56320/58950 [===========================>..] - ETA: 1s - loss: 0.3430 - accuracy: 0.8370
57344/58950 [============================>.] - ETA: 0s - loss: 0.3431 - accuracy: 0.8373
58368/58950 [============================>.] - ETA: 0s - loss: 0.3431 - accuracy: 0.8372
Epoch 00010: val_loss did not improve from 2.23038

58950/58950 [==============================] - 27s 462us/sample - loss: 0.3433 - accuracy: 0.8370 - val_loss: 3.1530 - val_accuracy: 0.6782
